Connecting to database specified by database.yml
  [1m[36m (0.1ms)[0m  [1mSELECT "schema_migrations"."version" FROM "schema_migrations" [0m
Migrating to CreateMovies (20111119180638)
  [1m[35m (0.4ms)[0m  select sqlite_version(*)
  [1m[36m (0.1ms)[0m  [1mSELECT "schema_migrations"."version" FROM "schema_migrations" [0m
Connecting to database specified by database.yml
  [1m[36m (0.1ms)[0m  [1mSELECT "schema_migrations"."version" FROM "schema_migrations" [0m
  [1m[35m (0.2ms)[0m  select sqlite_version(*)
  [1m[36m (0.9ms)[0m  [1mCREATE TABLE "movies" ("id" INTEGER PRIMARY KEY AUTOINCREMENT NOT NULL, "title" varchar(255), "rating" varchar(255), "description" text, "release_date" datetime, "created_at" datetime, "updated_at" datetime) [0m
  [1m[35m (0.7ms)[0m  CREATE TABLE "schema_migrations" ("version" varchar(255) NOT NULL) 
  [1m[36m (0.7ms)[0m  [1mCREATE UNIQUE INDEX "unique_schema_migrations" ON "schema_migrations" ("version")[0m
  [1m[35m (0.1ms)[0m  SELECT version FROM "schema_migrations"
  [1m[36m (0.7ms)[0m  [1mINSERT INTO "schema_migrations" (version) VALUES ('20120130161449')[0m
  [1m[35m (0.7ms)[0m  INSERT INTO "schema_migrations" (version) VALUES ('20111119180638')
Connecting to database specified by database.yml
  [1m[36m (0.1ms)[0m  [1mSELECT "schema_migrations"."version" FROM "schema_migrations" [0m
  [1m[35m (0.2ms)[0m  select sqlite_version(*)
  [1m[36m (8.3ms)[0m  [1mCREATE TABLE "movies" ("id" INTEGER PRIMARY KEY AUTOINCREMENT NOT NULL, "title" varchar(255), "rating" varchar(255), "description" text, "release_date" datetime, "created_at" datetime, "updated_at" datetime) [0m
  [1m[35m (0.7ms)[0m  CREATE TABLE "schema_migrations" ("version" varchar(255) NOT NULL) 
  [1m[36m (0.7ms)[0m  [1mCREATE UNIQUE INDEX "unique_schema_migrations" ON "schema_migrations" ("version")[0m
  [1m[35m (0.1ms)[0m  SELECT version FROM "schema_migrations"
  [1m[36m (0.6ms)[0m  [1mINSERT INTO "schema_migrations" (version) VALUES ('20120130161449')[0m
  [1m[35m (0.6ms)[0m  INSERT INTO "schema_migrations" (version) VALUES ('20111119180638')


Started GET "/" for 127.0.0.1 at 2014-06-08 19:24:53 -0400
Connecting to database specified by database.yml

ActionController::RoutingError (No route matches [GET] "/"):
  actionpack (3.2.18) lib/action_dispatch/middleware/debug_exceptions.rb:21:in `call'
  actionpack (3.2.18) lib/action_dispatch/middleware/show_exceptions.rb:56:in `call'
  railties (3.2.18) lib/rails/rack/logger.rb:32:in `call_app'
  railties (3.2.18) lib/rails/rack/logger.rb:16:in `block in call'
  activesupport (3.2.18) lib/active_support/tagged_logging.rb:22:in `tagged'
  railties (3.2.18) lib/rails/rack/logger.rb:16:in `call'
  actionpack (3.2.18) lib/action_dispatch/middleware/request_id.rb:22:in `call'
  rack (1.4.5) lib/rack/methodoverride.rb:21:in `call'
  rack (1.4.5) lib/rack/runtime.rb:17:in `call'
  activesupport (3.2.18) lib/active_support/cache/strategy/local_cache.rb:72:in `call'
  rack (1.4.5) lib/rack/lock.rb:15:in `call'
  actionpack (3.2.18) lib/action_dispatch/middleware/static.rb:63:in `call'
  railties (3.2.18) lib/rails/engine.rb:484:in `call'
  railties (3.2.18) lib/rails/application.rb:231:in `call'
  rack (1.4.5) lib/rack/content_length.rb:14:in `call'
  railties (3.2.18) lib/rails/rack/log_tailer.rb:17:in `call'
  rack (1.4.5) lib/rack/handler/webrick.rb:59:in `service'
  /Users/jianwang/.rvm/rubies/ruby-2.0.0-p481/lib/ruby/2.0.0/webrick/httpserver.rb:138:in `service'
  /Users/jianwang/.rvm/rubies/ruby-2.0.0-p481/lib/ruby/2.0.0/webrick/httpserver.rb:94:in `run'
  /Users/jianwang/.rvm/rubies/ruby-2.0.0-p481/lib/ruby/2.0.0/webrick/server.rb:295:in `block in start_thread'


  Rendered /Users/jianwang/.rvm/gems/ruby-2.0.0-p481/gems/actionpack-3.2.18/lib/action_dispatch/middleware/templates/rescues/routing_error.erb within rescues/layout (1.5ms)


Started GET "/" for 127.0.0.1 at 2014-06-08 19:24:54 -0400

ActionController::RoutingError (No route matches [GET] "/"):
  actionpack (3.2.18) lib/action_dispatch/middleware/debug_exceptions.rb:21:in `call'
  actionpack (3.2.18) lib/action_dispatch/middleware/show_exceptions.rb:56:in `call'
  railties (3.2.18) lib/rails/rack/logger.rb:32:in `call_app'
  railties (3.2.18) lib/rails/rack/logger.rb:16:in `block in call'
  activesupport (3.2.18) lib/active_support/tagged_logging.rb:22:in `tagged'
  railties (3.2.18) lib/rails/rack/logger.rb:16:in `call'
  actionpack (3.2.18) lib/action_dispatch/middleware/request_id.rb:22:in `call'
  rack (1.4.5) lib/rack/methodoverride.rb:21:in `call'
  rack (1.4.5) lib/rack/runtime.rb:17:in `call'
  activesupport (3.2.18) lib/active_support/cache/strategy/local_cache.rb:72:in `call'
  rack (1.4.5) lib/rack/lock.rb:15:in `call'
  actionpack (3.2.18) lib/action_dispatch/middleware/static.rb:63:in `call'
  railties (3.2.18) lib/rails/engine.rb:484:in `call'
  railties (3.2.18) lib/rails/application.rb:231:in `call'
  rack (1.4.5) lib/rack/content_length.rb:14:in `call'
  railties (3.2.18) lib/rails/rack/log_tailer.rb:17:in `call'
  rack (1.4.5) lib/rack/handler/webrick.rb:59:in `service'
  /Users/jianwang/.rvm/rubies/ruby-2.0.0-p481/lib/ruby/2.0.0/webrick/httpserver.rb:138:in `service'
  /Users/jianwang/.rvm/rubies/ruby-2.0.0-p481/lib/ruby/2.0.0/webrick/httpserver.rb:94:in `run'
  /Users/jianwang/.rvm/rubies/ruby-2.0.0-p481/lib/ruby/2.0.0/webrick/server.rb:295:in `block in start_thread'


  Rendered /Users/jianwang/.rvm/gems/ruby-2.0.0-p481/gems/actionpack-3.2.18/lib/action_dispatch/middleware/templates/rescues/routing_error.erb within rescues/layout (0.4ms)


Started GET "/movies" for 127.0.0.1 at 2014-06-08 19:25:19 -0400
Processing by MoviesController#index as HTML
  [1m[36mMovie Load (0.6ms)[0m  [1mSELECT "movies".* FROM "movies" WHERE "movies"."rating" IN ('G', 'PG', 'PG-13', 'NC-17', 'R')[0m
  Rendered movies/index.html.haml within layouts/application (9.9ms)
Compiled application.css  (0ms)  (pid 1182)
Compiled jquery.js  (3ms)  (pid 1182)
Compiled jquery_ujs.js  (0ms)  (pid 1182)
Compiled application.js  (15ms)  (pid 1182)
Completed 200 OK in 154.1ms (Views: 79.4ms | ActiveRecord: 5.1ms)


Started GET "/movies" for 127.0.0.1 at 2014-06-08 19:25:20 -0400
Processing by MoviesController#index as HTML
  [1m[35mMovie Load (0.2ms)[0m  SELECT "movies".* FROM "movies" WHERE "movies"."rating" IN ('G', 'PG', 'PG-13', 'NC-17', 'R')
  Rendered movies/index.html.haml within layouts/application (5.4ms)
Completed 200 OK in 9.7ms (Views: 8.2ms | ActiveRecord: 0.2ms)


Started GET "/assets/application.css?body=1" for 127.0.0.1 at 2014-06-08 19:25:20 -0400
Served asset /application.css - 200 OK (7ms)


Started GET "/assets/jquery_ujs.js?body=1" for 127.0.0.1 at 2014-06-08 19:25:20 -0400
Served asset /jquery_ujs.js - 200 OK (2ms)


Started GET "/assets/jquery.js?body=1" for 127.0.0.1 at 2014-06-08 19:25:20 -0400
Served asset /jquery.js - 200 OK (1ms)


Started GET "/assets/application.js?body=1" for 127.0.0.1 at 2014-06-08 19:25:20 -0400
Served asset /application.js - 200 OK (5ms)


Started GET "/movies?ratings%5BG%5D=G&ratings%5BNC-17%5D=NC-17&ratings%5BPG%5D=PG&ratings%5BPG-13%5D=PG-13&ratings%5BR%5D=R&sort=release_date" for 127.0.0.1 at 2014-06-08 19:25:23 -0400
Processing by MoviesController#index as HTML
  Parameters: {"ratings"=>{"G"=>"G", "NC-17"=>"NC-17", "PG"=>"PG", "PG-13"=>"PG-13", "R"=>"R"}, "sort"=>"release_date"}
Redirected to http://localhost:3000/movies?ratings%5BG%5D=G&ratings%5BNC-17%5D=NC-17&ratings%5BPG%5D=PG&ratings%5BPG-13%5D=PG-13&ratings%5BR%5D=R&sort=release_date
Completed 302 Found in 1.1ms (ActiveRecord: 0.0ms)


Started GET "/movies?ratings%5BG%5D=G&ratings%5BNC-17%5D=NC-17&ratings%5BPG%5D=PG&ratings%5BPG-13%5D=PG-13&ratings%5BR%5D=R&sort=release_date" for 127.0.0.1 at 2014-06-08 19:25:23 -0400
Processing by MoviesController#index as HTML
  Parameters: {"ratings"=>{"G"=>"G", "NC-17"=>"NC-17", "PG"=>"PG", "PG-13"=>"PG-13", "R"=>"R"}, "sort"=>"release_date"}
Redirected to http://localhost:3000/movies?ratings%5BG%5D=G&ratings%5BNC-17%5D=NC-17&ratings%5BPG%5D=PG&ratings%5BPG-13%5D=PG-13&ratings%5BR%5D=R&sort=release_date
Completed 302 Found in 0.5ms (ActiveRecord: 0.0ms)


Started GET "/movies?ratings%5BG%5D=G&ratings%5BNC-17%5D=NC-17&ratings%5BPG%5D=PG&ratings%5BPG-13%5D=PG-13&ratings%5BR%5D=R&sort=release_date" for 127.0.0.1 at 2014-06-08 19:25:23 -0400
Processing by MoviesController#index as HTML
  Parameters: {"ratings"=>{"G"=>"G", "NC-17"=>"NC-17", "PG"=>"PG", "PG-13"=>"PG-13", "R"=>"R"}, "sort"=>"release_date"}
  [1m[36mMovie Load (0.3ms)[0m  [1mSELECT "movies".* FROM "movies" WHERE "movies"."rating" IN ('G', 'NC-17', 'PG', 'PG-13', 'R') ORDER BY release_date[0m
  Rendered movies/index.html.haml within layouts/application (4.9ms)
Completed 200 OK in 9.4ms (Views: 7.8ms | ActiveRecord: 0.3ms)


Started GET "/movies?ratings%5BG%5D=G&ratings%5BNC-17%5D=NC-17&ratings%5BPG%5D=PG&ratings%5BPG-13%5D=PG-13&ratings%5BR%5D=R&sort=title" for 127.0.0.1 at 2014-06-08 19:25:24 -0400
Processing by MoviesController#index as HTML
  Parameters: {"ratings"=>{"G"=>"G", "NC-17"=>"NC-17", "PG"=>"PG", "PG-13"=>"PG-13", "R"=>"R"}, "sort"=>"title"}
Redirected to http://localhost:3000/movies?ratings%5BG%5D=G&ratings%5BNC-17%5D=NC-17&ratings%5BPG%5D=PG&ratings%5BPG-13%5D=PG-13&ratings%5BR%5D=R&sort=title
Completed 302 Found in 0.6ms (ActiveRecord: 0.0ms)


Started GET "/movies?ratings%5BG%5D=G&ratings%5BNC-17%5D=NC-17&ratings%5BPG%5D=PG&ratings%5BPG-13%5D=PG-13&ratings%5BR%5D=R&sort=title" for 127.0.0.1 at 2014-06-08 19:25:24 -0400
Processing by MoviesController#index as HTML
  Parameters: {"ratings"=>{"G"=>"G", "NC-17"=>"NC-17", "PG"=>"PG", "PG-13"=>"PG-13", "R"=>"R"}, "sort"=>"title"}
  [1m[35mMovie Load (0.3ms)[0m  SELECT "movies".* FROM "movies" WHERE "movies"."rating" IN ('G', 'NC-17', 'PG', 'PG-13', 'R') ORDER BY title
  Rendered movies/index.html.haml within layouts/application (4.8ms)
Completed 200 OK in 9.4ms (Views: 7.7ms | ActiveRecord: 0.3ms)


Started GET "/movies/7" for 127.0.0.1 at 2014-06-08 19:25:27 -0400
Processing by MoviesController#show as HTML
  Parameters: {"id"=>"7"}
  [1m[36mMovie Load (0.2ms)[0m  [1mSELECT "movies".* FROM "movies" WHERE "movies"."id" = ? LIMIT 1[0m  [["id", "7"]]
  Rendered movies/show.html.haml within layouts/application (3.1ms)
Completed 200 OK in 8.6ms (Views: 6.7ms | ActiveRecord: 0.2ms)


Started GET "/movies" for 127.0.0.1 at 2014-06-08 19:25:34 -0400
Processing by MoviesController#index as HTML
Redirected to http://localhost:3000/movies?ratings%5BG%5D=G&ratings%5BNC-17%5D=NC-17&ratings%5BPG%5D=PG&ratings%5BPG-13%5D=PG-13&ratings%5BR%5D=R&sort=title
Completed 302 Found in 1.3ms (ActiveRecord: 0.0ms)


Started GET "/movies?ratings%5BG%5D=G&ratings%5BNC-17%5D=NC-17&ratings%5BPG%5D=PG&ratings%5BPG-13%5D=PG-13&ratings%5BR%5D=R&sort=title" for 127.0.0.1 at 2014-06-08 19:25:34 -0400
Processing by MoviesController#index as HTML
  Parameters: {"ratings"=>{"G"=>"G", "NC-17"=>"NC-17", "PG"=>"PG", "PG-13"=>"PG-13", "R"=>"R"}, "sort"=>"title"}
  [1m[35mMovie Load (0.3ms)[0m  SELECT "movies".* FROM "movies" WHERE "movies"."rating" IN ('G', 'NC-17', 'PG', 'PG-13', 'R') ORDER BY title
  Rendered movies/index.html.haml within layouts/application (5.0ms)
Completed 200 OK in 9.8ms (Views: 8.1ms | ActiveRecord: 0.3ms)
Connecting to database specified by database.yml
Connecting to database specified by database.yml
  [1m[36m (0.1ms)[0m  [1mSELECT "schema_migrations"."version" FROM "schema_migrations" [0m
Migrating to CreateMovies (20111119180638)
Migrating to AddDirectorToMovies (20140608234258)
  [1m[35m (0.3ms)[0m  select sqlite_version(*)
  [1m[36m (0.1ms)[0m  [1mbegin transaction[0m
  [1m[35m (0.9ms)[0m  ALTER TABLE "movies" ADD "director" varchar(255)
  [1m[36m (0.1ms)[0m  [1mINSERT INTO "schema_migrations" ("version") VALUES ('20140608234258')[0m
  [1m[35m (0.5ms)[0m  commit transaction
  [1m[36m (0.1ms)[0m  [1mSELECT "schema_migrations"."version" FROM "schema_migrations" [0m
Connecting to database specified by database.yml
  [1m[36m (0.1ms)[0m  [1mSELECT "schema_migrations"."version" FROM "schema_migrations" [0m
  [1m[35m (0.3ms)[0m  select sqlite_version(*)
  [1m[36m (0.9ms)[0m  [1mCREATE TABLE "movies" ("id" INTEGER PRIMARY KEY AUTOINCREMENT NOT NULL, "title" varchar(255), "rating" varchar(255), "description" text, "release_date" datetime, "created_at" datetime, "updated_at" datetime, "director" varchar(255)) [0m
  [1m[35m (0.7ms)[0m  CREATE TABLE "schema_migrations" ("version" varchar(255) NOT NULL) 
  [1m[36m (1.2ms)[0m  [1mCREATE UNIQUE INDEX "unique_schema_migrations" ON "schema_migrations" ("version")[0m
  [1m[35m (0.1ms)[0m  SELECT version FROM "schema_migrations"
  [1m[36m (1.8ms)[0m  [1mINSERT INTO "schema_migrations" (version) VALUES ('20140608234258')[0m
  [1m[35m (0.9ms)[0m  INSERT INTO "schema_migrations" (version) VALUES ('20111119180638')


Started GET "/movies/7" for 127.0.0.1 at 2014-06-08 20:06:38 -0400
Processing by MoviesController#show as HTML
  Parameters: {"id"=>"7"}
  [1m[36mMovie Load (1.0ms)[0m  [1mSELECT "movies".* FROM "movies" WHERE "movies"."id" = ? LIMIT 1[0m  [["id", "7"]]
  Rendered movies/show.html.haml within layouts/application (6.1ms)
Completed 200 OK in 35.9ms (Views: 15.0ms | ActiveRecord: 2.1ms)


Started GET "/assets/application.css?body=1" for 127.0.0.1 at 2014-06-08 20:06:38 -0400
Served asset /application.css - 304 Not Modified (0ms)


Started GET "/assets/application.js?body=1" for 127.0.0.1 at 2014-06-08 20:06:38 -0400
Served asset /application.js - 304 Not Modified (0ms)


Started GET "/assets/jquery_ujs.js?body=1" for 127.0.0.1 at 2014-06-08 20:06:38 -0400
Served asset /jquery_ujs.js - 304 Not Modified (0ms)


Started GET "/assets/jquery.js?body=1" for 127.0.0.1 at 2014-06-08 20:06:38 -0400
Served asset /jquery.js - 304 Not Modified (0ms)


Started GET "/movies/7/edit" for 127.0.0.1 at 2014-06-08 20:06:41 -0400
Processing by MoviesController#edit as HTML
  Parameters: {"id"=>"7"}
  [1m[35mMovie Load (0.1ms)[0m  SELECT "movies".* FROM "movies" WHERE "movies"."id" = ? LIMIT 1  [["id", "7"]]
  Rendered movies/edit.html.haml within layouts/application (24.9ms)
Completed 200 OK in 39.5ms (Views: 37.6ms | ActiveRecord: 0.1ms)


Started GET "/assets/application.css?body=1" for 127.0.0.1 at 2014-06-08 20:06:41 -0400
Served asset /application.css - 304 Not Modified (0ms)


Started GET "/assets/jquery.js?body=1" for 127.0.0.1 at 2014-06-08 20:06:41 -0400
Served asset /jquery.js - 304 Not Modified (0ms)


Started GET "/assets/jquery_ujs.js?body=1" for 127.0.0.1 at 2014-06-08 20:06:41 -0400
Served asset /jquery_ujs.js - 304 Not Modified (0ms)


Started GET "/assets/application.js?body=1" for 127.0.0.1 at 2014-06-08 20:06:41 -0400
Served asset /application.js - 304 Not Modified (0ms)
Connecting to database specified by database.yml


Started GET "/movies" for 127.0.0.1 at 2014-06-08 20:27:38 -0400
Processing by MoviesController#index as HTML
Redirected to http://localhost:3000/movies?ratings%5BG%5D=G&ratings%5BNC-17%5D=NC-17&ratings%5BPG%5D=PG&ratings%5BPG-13%5D=PG-13&ratings%5BR%5D=R&sort=title
Completed 302 Found in 1.9ms (ActiveRecord: 0.0ms)


Started GET "/movies?ratings%5BG%5D=G&ratings%5BNC-17%5D=NC-17&ratings%5BPG%5D=PG&ratings%5BPG-13%5D=PG-13&ratings%5BR%5D=R&sort=title" for 127.0.0.1 at 2014-06-08 20:27:38 -0400
Processing by MoviesController#index as HTML
  Parameters: {"ratings"=>{"G"=>"G", "NC-17"=>"NC-17", "PG"=>"PG", "PG-13"=>"PG-13", "R"=>"R"}, "sort"=>"title"}
  [1m[36mMovie Load (0.9ms)[0m  [1mSELECT "movies".* FROM "movies" WHERE "movies"."rating" IN ('G', 'NC-17', 'PG', 'PG-13', 'R') ORDER BY title[0m
  Rendered movies/index.html.haml within layouts/application (179.1ms)
Completed 200 OK in 191.3ms (Views: 186.9ms | ActiveRecord: 0.9ms)


Started GET "/assets/application.css?body=1" for 127.0.0.1 at 2014-06-08 20:27:39 -0400
Served asset /application.css - 304 Not Modified (0ms)


Started GET "/assets/jquery.js?body=1" for 127.0.0.1 at 2014-06-08 20:27:39 -0400
Served asset /jquery.js - 304 Not Modified (0ms)


Started GET "/assets/jquery_ujs.js?body=1" for 127.0.0.1 at 2014-06-08 20:27:39 -0400
Served asset /jquery_ujs.js - 304 Not Modified (0ms)


Started GET "/assets/application.js?body=1" for 127.0.0.1 at 2014-06-08 20:27:39 -0400
Served asset /application.js - 304 Not Modified (0ms)


Started GET "/movies?ratings%5BG%5D=G&ratings%5BNC-17%5D=NC-17&ratings%5BPG%5D=PG&ratings%5BPG-13%5D=PG-13&ratings%5BR%5D=R&sort=title" for 127.0.0.1 at 2014-06-08 20:27:44 -0400
Processing by MoviesController#index as HTML
  Parameters: {"ratings"=>{"G"=>"G", "NC-17"=>"NC-17", "PG"=>"PG", "PG-13"=>"PG-13", "R"=>"R"}, "sort"=>"title"}
  [1m[35mMovie Load (0.5ms)[0m  SELECT "movies".* FROM "movies" WHERE "movies"."rating" IN ('G', 'NC-17', 'PG', 'PG-13', 'R') ORDER BY title
  Rendered movies/index.html.haml within layouts/application (5.9ms)
Completed 200 OK in 13.0ms (Views: 10.4ms | ActiveRecord: 0.5ms)


Started GET "/assets/application.js?body=1" for 127.0.0.1 at 2014-06-08 20:27:44 -0400
Served asset /application.js - 304 Not Modified (0ms)


Started GET "/assets/jquery_ujs.js?body=1" for 127.0.0.1 at 2014-06-08 20:27:44 -0400
Served asset /jquery_ujs.js - 304 Not Modified (0ms)


Started GET "/assets/application.css?body=1" for 127.0.0.1 at 2014-06-08 20:27:44 -0400
Served asset /application.css - 304 Not Modified (0ms)


Started GET "/assets/jquery.js?body=1" for 127.0.0.1 at 2014-06-08 20:27:44 -0400
Served asset /jquery.js - 304 Not Modified (0ms)


Started GET "/movies/7" for 127.0.0.1 at 2014-06-08 20:29:32 -0400
Processing by MoviesController#show as HTML
  Parameters: {"id"=>"7"}
  [1m[36mMovie Load (0.6ms)[0m  [1mSELECT "movies".* FROM "movies" WHERE "movies"."id" = ? LIMIT 1[0m  [["id", "7"]]
  Rendered movies/show.html.haml within layouts/application (1.3ms)
Completed 200 OK in 8.7ms (Views: 6.5ms | ActiveRecord: 0.6ms)


Started GET "/assets/application.css?body=1" for 127.0.0.1 at 2014-06-08 20:29:32 -0400
Served asset /application.css - 304 Not Modified (0ms)


Started GET "/assets/jquery.js?body=1" for 127.0.0.1 at 2014-06-08 20:29:32 -0400
Served asset /jquery.js - 304 Not Modified (0ms)


Started GET "/assets/jquery_ujs.js?body=1" for 127.0.0.1 at 2014-06-08 20:29:32 -0400
Served asset /jquery_ujs.js - 304 Not Modified (0ms)


Started GET "/assets/application.js?body=1" for 127.0.0.1 at 2014-06-08 20:29:32 -0400
Served asset /application.js - 304 Not Modified (0ms)


Started GET "/movies/7/edit" for 127.0.0.1 at 2014-06-08 20:29:34 -0400
Processing by MoviesController#edit as HTML
  Parameters: {"id"=>"7"}
  [1m[35mMovie Load (0.1ms)[0m  SELECT "movies".* FROM "movies" WHERE "movies"."id" = ? LIMIT 1  [["id", "7"]]
  Rendered movies/edit.html.haml within layouts/application (6.6ms)
Completed 200 OK in 15.4ms (Views: 14.0ms | ActiveRecord: 0.1ms)


Started GET "/assets/application.css?body=1" for 127.0.0.1 at 2014-06-08 20:29:34 -0400
Served asset /application.css - 304 Not Modified (0ms)


Started GET "/assets/jquery.js?body=1" for 127.0.0.1 at 2014-06-08 20:29:34 -0400
Served asset /jquery.js - 304 Not Modified (0ms)


Started GET "/assets/jquery_ujs.js?body=1" for 127.0.0.1 at 2014-06-08 20:29:34 -0400
Served asset /jquery_ujs.js - 304 Not Modified (0ms)


Started GET "/assets/application.js?body=1" for 127.0.0.1 at 2014-06-08 20:29:34 -0400
Served asset /application.js - 304 Not Modified (0ms)


Started PUT "/movies/7" for 127.0.0.1 at 2014-06-08 20:29:50 -0400
Processing by MoviesController#update as HTML
  Parameters: {"utf8"=>"✓", "authenticity_token"=>"F/4yDHjdLkHO39vPDF3NvFRy4isLan0ENseoVLdkm68=", "movie"=>{"title"=>"2001: A Space Odyssey", "rating"=>"G", "director"=>"test", "release_date(1i)"=>"1968", "release_date(2i)"=>"4", "release_date(3i)"=>"6"}, "commit"=>"Update Movie Info", "id"=>"7"}
  [1m[36mMovie Load (0.2ms)[0m  [1mSELECT "movies".* FROM "movies" WHERE "movies"."id" = ? LIMIT 1[0m  [["id", "7"]]
  [1m[35m (0.2ms)[0m  begin transaction
  [1m[36m (5.2ms)[0m  [1mUPDATE "movies" SET "director" = 'test', "updated_at" = '2014-06-09 00:29:50.346193' WHERE "movies"."id" = 7[0m
  [1m[35m (1.8ms)[0m  commit transaction
Redirected to http://localhost:3000/movies/7
Completed 302 Found in 36.6ms (ActiveRecord: 7.3ms)


Started GET "/movies/7" for 127.0.0.1 at 2014-06-08 20:29:50 -0400
Processing by MoviesController#show as HTML
  Parameters: {"id"=>"7"}
  [1m[36mMovie Load (0.6ms)[0m  [1mSELECT "movies".* FROM "movies" WHERE "movies"."id" = ? LIMIT 1[0m  [["id", "7"]]
  Rendered movies/show.html.haml within layouts/application (3.9ms)
Completed 200 OK in 11.8ms (Views: 9.0ms | ActiveRecord: 0.6ms)


Started GET "/assets/application.css?body=1" for 127.0.0.1 at 2014-06-08 20:29:50 -0400
Served asset /application.css - 304 Not Modified (0ms)


Started GET "/assets/jquery_ujs.js?body=1" for 127.0.0.1 at 2014-06-08 20:29:50 -0400
Served asset /jquery_ujs.js - 304 Not Modified (0ms)


Started GET "/assets/application.js?body=1" for 127.0.0.1 at 2014-06-08 20:29:50 -0400
Served asset /application.js - 304 Not Modified (0ms)


Started GET "/assets/jquery.js?body=1" for 127.0.0.1 at 2014-06-08 20:29:50 -0400
Served asset /jquery.js - 304 Not Modified (0ms)
Connecting to database specified by database.yml
Connecting to database specified by database.yml


Started GET "/movies/7" for 127.0.0.1 at 2014-06-08 20:40:35 -0400
Processing by MoviesController#show as HTML
  Parameters: {"id"=>"7"}
  [1m[35mMovie Load (0.2ms)[0m  SELECT "movies".* FROM "movies" WHERE "movies"."id" = ? LIMIT 1  [["id", "7"]]
  Rendered movies/show.html.haml within layouts/application (3.8ms)
Completed 200 OK in 9.6ms (Views: 8.0ms | ActiveRecord: 0.2ms)


Started GET "/assets/application.css?body=1" for 127.0.0.1 at 2014-06-08 20:40:35 -0400
Served asset /application.css - 304 Not Modified (0ms)


Started GET "/assets/jquery.js?body=1" for 127.0.0.1 at 2014-06-08 20:40:35 -0400
Served asset /jquery.js - 304 Not Modified (0ms)


Started GET "/assets/jquery_ujs.js?body=1" for 127.0.0.1 at 2014-06-08 20:40:35 -0400
Served asset /jquery_ujs.js - 304 Not Modified (0ms)


Started GET "/assets/application.js?body=1" for 127.0.0.1 at 2014-06-08 20:40:35 -0400
Served asset /application.js - 304 Not Modified (0ms)
Connecting to database specified by database.yml
Connecting to database specified by database.yml
Connecting to database specified by database.yml
Connecting to database specified by database.yml
Connecting to database specified by database.yml
Connecting to database specified by database.yml
Connecting to database specified by database.yml
  [1m[36m (0.1ms)[0m  [1mSELECT "schema_migrations"."version" FROM "schema_migrations" [0m
  [1m[35m (0.3ms)[0m  select sqlite_version(*)
  [1m[36m (15.4ms)[0m  [1mCREATE TABLE "movies" ("id" INTEGER PRIMARY KEY AUTOINCREMENT NOT NULL, "title" varchar(255), "rating" varchar(255), "description" text, "release_date" datetime, "created_at" datetime, "updated_at" datetime, "director" varchar(255)) [0m
  [1m[35m (22.2ms)[0m  CREATE TABLE "schema_migrations" ("version" varchar(255) NOT NULL) 
  [1m[36m (23.2ms)[0m  [1mCREATE UNIQUE INDEX "unique_schema_migrations" ON "schema_migrations" ("version")[0m
  [1m[35m (0.1ms)[0m  SELECT version FROM "schema_migrations"
  [1m[36m (15.5ms)[0m  [1mINSERT INTO "schema_migrations" (version) VALUES ('20140608234258')[0m
  [1m[35m (22.6ms)[0m  INSERT INTO "schema_migrations" (version) VALUES ('20111119180638')
Connecting to database specified by database.yml
  [1m[36m (0.1ms)[0m  [1mSELECT "schema_migrations"."version" FROM "schema_migrations" [0m
  [1m[35m (0.3ms)[0m  select sqlite_version(*)
  [1m[36m (16.9ms)[0m  [1mCREATE TABLE "movies" ("id" INTEGER PRIMARY KEY AUTOINCREMENT NOT NULL, "title" varchar(255), "rating" varchar(255), "description" text, "release_date" datetime, "created_at" datetime, "updated_at" datetime, "director" varchar(255)) [0m
  [1m[35m (22.5ms)[0m  CREATE TABLE "schema_migrations" ("version" varchar(255) NOT NULL) 
  [1m[36m (23.3ms)[0m  [1mCREATE UNIQUE INDEX "unique_schema_migrations" ON "schema_migrations" ("version")[0m
  [1m[35m (0.1ms)[0m  SELECT version FROM "schema_migrations"
  [1m[36m (23.4ms)[0m  [1mINSERT INTO "schema_migrations" (version) VALUES ('20140608234258')[0m
  [1m[35m (21.2ms)[0m  INSERT INTO "schema_migrations" (version) VALUES ('20111119180638')
Connecting to database specified by database.yml
  [1m[36m (0.1ms)[0m  [1mSELECT "schema_migrations"."version" FROM "schema_migrations" [0m
  [1m[35m (0.3ms)[0m  select sqlite_version(*)
  [1m[36m (2.6ms)[0m  [1mCREATE TABLE "movies" ("id" INTEGER PRIMARY KEY AUTOINCREMENT NOT NULL, "title" varchar(255), "rating" varchar(255), "description" text, "release_date" datetime, "created_at" datetime, "updated_at" datetime, "director" varchar(255)) [0m
  [1m[35m (20.8ms)[0m  CREATE TABLE "schema_migrations" ("version" varchar(255) NOT NULL) 
  [1m[36m (22.7ms)[0m  [1mCREATE UNIQUE INDEX "unique_schema_migrations" ON "schema_migrations" ("version")[0m
  [1m[35m (0.1ms)[0m  SELECT version FROM "schema_migrations"
  [1m[36m (22.4ms)[0m  [1mINSERT INTO "schema_migrations" (version) VALUES ('20140608234258')[0m
  [1m[35m (23.2ms)[0m  INSERT INTO "schema_migrations" (version) VALUES ('20111119180638')
Connecting to database specified by database.yml
Connecting to database specified by database.yml
Connecting to database specified by database.yml
Connecting to database specified by database.yml
Connecting to database specified by database.yml
  [1m[36m (0.1ms)[0m  [1mSELECT "schema_migrations"."version" FROM "schema_migrations" [0m
  [1m[35m (0.3ms)[0m  select sqlite_version(*)
  [1m[36m (2.6ms)[0m  [1mCREATE TABLE "movies" ("id" INTEGER PRIMARY KEY AUTOINCREMENT NOT NULL, "title" varchar(255), "rating" varchar(255), "description" text, "release_date" datetime, "created_at" datetime, "updated_at" datetime, "director" varchar(255)) [0m
  [1m[35m (17.7ms)[0m  CREATE TABLE "schema_migrations" ("version" varchar(255) NOT NULL) 
  [1m[36m (19.9ms)[0m  [1mCREATE UNIQUE INDEX "unique_schema_migrations" ON "schema_migrations" ("version")[0m
  [1m[35m (0.1ms)[0m  SELECT version FROM "schema_migrations"
  [1m[36m (15.9ms)[0m  [1mINSERT INTO "schema_migrations" (version) VALUES ('20140608234258')[0m
  [1m[35m (23.4ms)[0m  INSERT INTO "schema_migrations" (version) VALUES ('20111119180638')
Connecting to database specified by database.yml
Connecting to database specified by database.yml
  [1m[36m (0.1ms)[0m  [1mSELECT "schema_migrations"."version" FROM "schema_migrations" [0m
  [1m[35m (0.3ms)[0m  select sqlite_version(*)
  [1m[36m (1.9ms)[0m  [1mCREATE TABLE "movies" ("id" INTEGER PRIMARY KEY AUTOINCREMENT NOT NULL, "title" varchar(255), "rating" varchar(255), "description" text, "release_date" datetime, "created_at" datetime, "updated_at" datetime, "director" varchar(255)) [0m
  [1m[35m (1.1ms)[0m  CREATE TABLE "schema_migrations" ("version" varchar(255) NOT NULL) 
  [1m[36m (1.4ms)[0m  [1mCREATE UNIQUE INDEX "unique_schema_migrations" ON "schema_migrations" ("version")[0m
  [1m[35m (0.1ms)[0m  SELECT version FROM "schema_migrations"
  [1m[36m (1.4ms)[0m  [1mINSERT INTO "schema_migrations" (version) VALUES ('20140608234258')[0m
  [1m[35m (1.3ms)[0m  INSERT INTO "schema_migrations" (version) VALUES ('20111119180638')
Connecting to database specified by database.yml
Connecting to database specified by database.yml
Connecting to database specified by database.yml
  [1m[36m (0.1ms)[0m  [1mSELECT "schema_migrations"."version" FROM "schema_migrations" [0m
  [1m[35m (1.6ms)[0m  select sqlite_version(*)
  [1m[36m (1.6ms)[0m  [1mCREATE TABLE "movies" ("id" INTEGER PRIMARY KEY AUTOINCREMENT NOT NULL, "title" varchar(255), "rating" varchar(255), "description" text, "release_date" datetime, "created_at" datetime, "updated_at" datetime, "director" varchar(255)) [0m
  [1m[35m (3.6ms)[0m  CREATE TABLE "schema_migrations" ("version" varchar(255) NOT NULL) 
  [1m[36m (1.8ms)[0m  [1mCREATE UNIQUE INDEX "unique_schema_migrations" ON "schema_migrations" ("version")[0m
  [1m[35m (0.1ms)[0m  SELECT version FROM "schema_migrations"
  [1m[36m (2.5ms)[0m  [1mINSERT INTO "schema_migrations" (version) VALUES ('20140608234258')[0m
  [1m[35m (8.1ms)[0m  INSERT INTO "schema_migrations" (version) VALUES ('20111119180638')
Connecting to database specified by database.yml


Started GET "/movies/7" for 127.0.0.1 at 2014-06-09 15:26:35 -0400
Connecting to database specified by database.yml
Processing by MoviesController#show as HTML
  Parameters: {"id"=>"7"}
  [1m[36mMovie Load (0.7ms)[0m  [1mSELECT "movies".* FROM "movies" WHERE "movies"."id" = ? LIMIT 1[0m  [["id", "7"]]
  Rendered movies/show.html.haml within layouts/application (7.1ms)
Compiled jquery.js  (5ms)  (pid 44769)
Compiled jquery_ujs.js  (0ms)  (pid 44769)
Compiled application.js  (61ms)  (pid 44769)
Completed 200 OK in 172.2ms (Views: 138.9ms | ActiveRecord: 3.0ms)


Started GET "/assets/jquery.js?body=1" for 127.0.0.1 at 2014-06-09 15:26:35 -0400
Served asset /jquery.js - 304 Not Modified (32ms)


Started GET "/assets/jquery_ujs.js?body=1" for 127.0.0.1 at 2014-06-09 15:26:35 -0400
Served asset /jquery_ujs.js - 304 Not Modified (2ms)


Started GET "/assets/application.js?body=1" for 127.0.0.1 at 2014-06-09 15:26:35 -0400
Served asset /application.js - 304 Not Modified (7ms)


Started GET "/assets/application.css?body=1" for 127.0.0.1 at 2014-06-09 15:26:35 -0400
Served asset /application.css - 304 Not Modified (2ms)


Started GET "/movies/7/similar" for 127.0.0.1 at 2014-06-09 15:26:39 -0400

ActionController::RoutingError (uninitialized constant Movies):
  activesupport (3.2.18) lib/active_support/inflector/methods.rb:230:in `block in constantize'
  activesupport (3.2.18) lib/active_support/inflector/methods.rb:229:in `each'
  activesupport (3.2.18) lib/active_support/inflector/methods.rb:229:in `constantize'
  actionpack (3.2.18) lib/action_dispatch/routing/route_set.rb:69:in `controller_reference'
  actionpack (3.2.18) lib/action_dispatch/routing/route_set.rb:54:in `controller'
  actionpack (3.2.18) lib/action_dispatch/routing/route_set.rb:32:in `call'
  journey (1.0.4) lib/journey/router.rb:68:in `block in call'
  journey (1.0.4) lib/journey/router.rb:56:in `each'
  journey (1.0.4) lib/journey/router.rb:56:in `call'
  actionpack (3.2.18) lib/action_dispatch/routing/route_set.rb:608:in `call'
  actionpack (3.2.18) lib/action_dispatch/middleware/best_standards_support.rb:17:in `call'
  rack (1.4.5) lib/rack/etag.rb:23:in `call'
  rack (1.4.5) lib/rack/conditionalget.rb:25:in `call'
  actionpack (3.2.18) lib/action_dispatch/middleware/head.rb:14:in `call'
  actionpack (3.2.18) lib/action_dispatch/middleware/params_parser.rb:21:in `call'
  actionpack (3.2.18) lib/action_dispatch/middleware/flash.rb:242:in `call'
  rack (1.4.5) lib/rack/session/abstract/id.rb:210:in `context'
  rack (1.4.5) lib/rack/session/abstract/id.rb:205:in `call'
  actionpack (3.2.18) lib/action_dispatch/middleware/cookies.rb:341:in `call'
  activerecord (3.2.18) lib/active_record/query_cache.rb:64:in `call'
  activerecord (3.2.18) lib/active_record/connection_adapters/abstract/connection_pool.rb:479:in `call'
  actionpack (3.2.18) lib/action_dispatch/middleware/callbacks.rb:28:in `block in call'
  activesupport (3.2.18) lib/active_support/callbacks.rb:405:in `_run__853507454852341388__call__4079700541871765375__callbacks'
  activesupport (3.2.18) lib/active_support/callbacks.rb:405:in `__run_callback'
  activesupport (3.2.18) lib/active_support/callbacks.rb:385:in `_run_call_callbacks'
  activesupport (3.2.18) lib/active_support/callbacks.rb:81:in `run_callbacks'
  actionpack (3.2.18) lib/action_dispatch/middleware/callbacks.rb:27:in `call'
  actionpack (3.2.18) lib/action_dispatch/middleware/reloader.rb:65:in `call'
  actionpack (3.2.18) lib/action_dispatch/middleware/remote_ip.rb:31:in `call'
  actionpack (3.2.18) lib/action_dispatch/middleware/debug_exceptions.rb:16:in `call'
  actionpack (3.2.18) lib/action_dispatch/middleware/show_exceptions.rb:56:in `call'
  railties (3.2.18) lib/rails/rack/logger.rb:32:in `call_app'
  railties (3.2.18) lib/rails/rack/logger.rb:16:in `block in call'
  activesupport (3.2.18) lib/active_support/tagged_logging.rb:22:in `tagged'
  railties (3.2.18) lib/rails/rack/logger.rb:16:in `call'
  actionpack (3.2.18) lib/action_dispatch/middleware/request_id.rb:22:in `call'
  rack (1.4.5) lib/rack/methodoverride.rb:21:in `call'
  rack (1.4.5) lib/rack/runtime.rb:17:in `call'
  activesupport (3.2.18) lib/active_support/cache/strategy/local_cache.rb:72:in `call'
  rack (1.4.5) lib/rack/lock.rb:15:in `call'
  actionpack (3.2.18) lib/action_dispatch/middleware/static.rb:63:in `call'
  railties (3.2.18) lib/rails/engine.rb:484:in `call'
  railties (3.2.18) lib/rails/application.rb:231:in `call'
  rack (1.4.5) lib/rack/content_length.rb:14:in `call'
  railties (3.2.18) lib/rails/rack/log_tailer.rb:17:in `call'
  rack (1.4.5) lib/rack/handler/webrick.rb:59:in `service'
  /Users/hfp/.rvm/rubies/ruby-2.1.1/lib/ruby/2.1.0/webrick/httpserver.rb:138:in `service'
  /Users/hfp/.rvm/rubies/ruby-2.1.1/lib/ruby/2.1.0/webrick/httpserver.rb:94:in `run'
  /Users/hfp/.rvm/rubies/ruby-2.1.1/lib/ruby/2.1.0/webrick/server.rb:295:in `block in start_thread'


  Rendered /Users/hfp/.rvm/gems/ruby-2.1.1/gems/actionpack-3.2.18/lib/action_dispatch/middleware/templates/rescues/routing_error.erb within rescues/layout (0.8ms)
Connecting to database specified by database.yml
  [1m[36m (0.1ms)[0m  [1mSELECT "schema_migrations"."version" FROM "schema_migrations" [0m
  [1m[35m (0.4ms)[0m  select sqlite_version(*)
  [1m[36m (207.9ms)[0m  [1mCREATE TABLE "movies" ("id" INTEGER PRIMARY KEY AUTOINCREMENT NOT NULL, "title" varchar(255), "rating" varchar(255), "description" text, "release_date" datetime, "created_at" datetime, "updated_at" datetime, "director" varchar(255)) [0m
  [1m[35m (3.4ms)[0m  CREATE TABLE "schema_migrations" ("version" varchar(255) NOT NULL) 
  [1m[36m (7.3ms)[0m  [1mCREATE UNIQUE INDEX "unique_schema_migrations" ON "schema_migrations" ("version")[0m
  [1m[35m (0.1ms)[0m  SELECT version FROM "schema_migrations"
  [1m[36m (21.6ms)[0m  [1mINSERT INTO "schema_migrations" (version) VALUES ('20140608234258')[0m
  [1m[35m (23.5ms)[0m  INSERT INTO "schema_migrations" (version) VALUES ('20111119180638')
Connecting to database specified by database.yml
  [1m[36m (0.1ms)[0m  [1mSELECT "schema_migrations"."version" FROM "schema_migrations" [0m
  [1m[35m (0.7ms)[0m  select sqlite_version(*)
  [1m[36m (2.9ms)[0m  [1mCREATE TABLE "movies" ("id" INTEGER PRIMARY KEY AUTOINCREMENT NOT NULL, "title" varchar(255), "rating" varchar(255), "description" text, "release_date" datetime, "created_at" datetime, "updated_at" datetime, "director" varchar(255)) [0m
  [1m[35m (17.8ms)[0m  CREATE TABLE "schema_migrations" ("version" varchar(255) NOT NULL) 
  [1m[36m (22.8ms)[0m  [1mCREATE UNIQUE INDEX "unique_schema_migrations" ON "schema_migrations" ("version")[0m
  [1m[35m (0.1ms)[0m  SELECT version FROM "schema_migrations"
  [1m[36m (22.5ms)[0m  [1mINSERT INTO "schema_migrations" (version) VALUES ('20140608234258')[0m
  [1m[35m (23.6ms)[0m  INSERT INTO "schema_migrations" (version) VALUES ('20111119180638')
Connecting to database specified by database.yml
  [1m[36m (0.1ms)[0m  [1mSELECT "schema_migrations"."version" FROM "schema_migrations" [0m
  [1m[35m (0.3ms)[0m  select sqlite_version(*)
  [1m[36m (2.9ms)[0m  [1mCREATE TABLE "movies" ("id" INTEGER PRIMARY KEY AUTOINCREMENT NOT NULL, "title" varchar(255), "rating" varchar(255), "description" text, "release_date" datetime, "created_at" datetime, "updated_at" datetime, "director" varchar(255)) [0m
  [1m[35m (15.6ms)[0m  CREATE TABLE "schema_migrations" ("version" varchar(255) NOT NULL) 
  [1m[36m (21.7ms)[0m  [1mCREATE UNIQUE INDEX "unique_schema_migrations" ON "schema_migrations" ("version")[0m
  [1m[35m (0.2ms)[0m  SELECT version FROM "schema_migrations"
  [1m[36m (22.1ms)[0m  [1mINSERT INTO "schema_migrations" (version) VALUES ('20140608234258')[0m
  [1m[35m (17.8ms)[0m  INSERT INTO "schema_migrations" (version) VALUES ('20111119180638')
Connecting to database specified by database.yml
  [1m[36m (0.1ms)[0m  [1mSELECT "schema_migrations"."version" FROM "schema_migrations" [0m
  [1m[35m (0.3ms)[0m  select sqlite_version(*)
  [1m[36m (149.9ms)[0m  [1mCREATE TABLE "movies" ("id" INTEGER PRIMARY KEY AUTOINCREMENT NOT NULL, "title" varchar(255), "rating" varchar(255), "description" text, "release_date" datetime, "created_at" datetime, "updated_at" datetime, "director" varchar(255)) [0m
  [1m[35m (14.9ms)[0m  CREATE TABLE "schema_migrations" ("version" varchar(255) NOT NULL) 
  [1m[36m (15.1ms)[0m  [1mCREATE UNIQUE INDEX "unique_schema_migrations" ON "schema_migrations" ("version")[0m
  [1m[35m (0.2ms)[0m  SELECT version FROM "schema_migrations"
  [1m[36m (22.1ms)[0m  [1mINSERT INTO "schema_migrations" (version) VALUES ('20140608234258')[0m
  [1m[35m (23.1ms)[0m  INSERT INTO "schema_migrations" (version) VALUES ('20111119180638')
Connecting to database specified by database.yml
  [1m[36m (0.1ms)[0m  [1mSELECT "schema_migrations"."version" FROM "schema_migrations" [0m
  [1m[35m (0.3ms)[0m  select sqlite_version(*)
  [1m[36m (206.4ms)[0m  [1mCREATE TABLE "movies" ("id" INTEGER PRIMARY KEY AUTOINCREMENT NOT NULL, "title" varchar(255), "rating" varchar(255), "description" text, "release_date" datetime, "created_at" datetime, "updated_at" datetime, "director" varchar(255)) [0m
  [1m[35m (3.5ms)[0m  CREATE TABLE "schema_migrations" ("version" varchar(255) NOT NULL) 
  [1m[36m (14.3ms)[0m  [1mCREATE UNIQUE INDEX "unique_schema_migrations" ON "schema_migrations" ("version")[0m
  [1m[35m (0.1ms)[0m  SELECT version FROM "schema_migrations"
  [1m[36m (13.8ms)[0m  [1mINSERT INTO "schema_migrations" (version) VALUES ('20140608234258')[0m
  [1m[35m (23.4ms)[0m  INSERT INTO "schema_migrations" (version) VALUES ('20111119180638')
Connecting to database specified by database.yml
Connecting to database specified by database.yml
Connecting to database specified by database.yml
  [1m[36m (0.1ms)[0m  [1mSELECT "schema_migrations"."version" FROM "schema_migrations" [0m
  [1m[35m (0.5ms)[0m  select sqlite_version(*)
  [1m[36m (2.8ms)[0m  [1mCREATE TABLE "movies" ("id" INTEGER PRIMARY KEY AUTOINCREMENT NOT NULL, "title" varchar(255), "rating" varchar(255), "description" text, "release_date" datetime, "created_at" datetime, "updated_at" datetime, "director" varchar(255)) [0m
  [1m[35m (16.0ms)[0m  CREATE TABLE "schema_migrations" ("version" varchar(255) NOT NULL) 
  [1m[36m (21.5ms)[0m  [1mCREATE UNIQUE INDEX "unique_schema_migrations" ON "schema_migrations" ("version")[0m
  [1m[35m (0.1ms)[0m  SELECT version FROM "schema_migrations"
  [1m[36m (22.7ms)[0m  [1mINSERT INTO "schema_migrations" (version) VALUES ('20140608234258')[0m
  [1m[35m (23.6ms)[0m  INSERT INTO "schema_migrations" (version) VALUES ('20111119180638')
Connecting to database specified by database.yml
Connecting to database specified by database.yml
  [1m[36m (0.1ms)[0m  [1mSELECT "schema_migrations"."version" FROM "schema_migrations" [0m
  [1m[35m (0.3ms)[0m  select sqlite_version(*)
  [1m[36m (15.1ms)[0m  [1mCREATE TABLE "movies" ("id" INTEGER PRIMARY KEY AUTOINCREMENT NOT NULL, "title" varchar(255), "rating" varchar(255), "description" text, "release_date" datetime, "created_at" datetime, "updated_at" datetime, "director" varchar(255)) [0m
  [1m[35m (22.0ms)[0m  CREATE TABLE "schema_migrations" ("version" varchar(255) NOT NULL) 
  [1m[36m (23.6ms)[0m  [1mCREATE UNIQUE INDEX "unique_schema_migrations" ON "schema_migrations" ("version")[0m
  [1m[35m (0.1ms)[0m  SELECT version FROM "schema_migrations"
  [1m[36m (20.1ms)[0m  [1mINSERT INTO "schema_migrations" (version) VALUES ('20140608234258')[0m
  [1m[35m (23.6ms)[0m  INSERT INTO "schema_migrations" (version) VALUES ('20111119180638')
Connecting to database specified by database.yml
  [1m[36m (0.2ms)[0m  [1mSELECT "schema_migrations"."version" FROM "schema_migrations" [0m
  [1m[35m (0.4ms)[0m  select sqlite_version(*)
  [1m[36m (207.0ms)[0m  [1mCREATE TABLE "movies" ("id" INTEGER PRIMARY KEY AUTOINCREMENT NOT NULL, "title" varchar(255), "rating" varchar(255), "description" text, "release_date" datetime, "created_at" datetime, "updated_at" datetime, "director" varchar(255)) [0m
  [1m[35m (3.4ms)[0m  CREATE TABLE "schema_migrations" ("version" varchar(255) NOT NULL) 
  [1m[36m (1.4ms)[0m  [1mCREATE UNIQUE INDEX "unique_schema_migrations" ON "schema_migrations" ("version")[0m
  [1m[35m (0.1ms)[0m  SELECT version FROM "schema_migrations"
  [1m[36m (22.4ms)[0m  [1mINSERT INTO "schema_migrations" (version) VALUES ('20140608234258')[0m
  [1m[35m (23.8ms)[0m  INSERT INTO "schema_migrations" (version) VALUES ('20111119180638')


Started GET "/movies/lalalala" for 127.0.0.1 at 2014-06-09 21:09:33 -0400
Connecting to database specified by database.yml
Processing by MoviesController#show as */*
  Parameters: {"id"=>"lalalala"}
  [1m[36mMovie Load (0.3ms)[0m  [1mSELECT "movies".* FROM "movies" WHERE "movies"."id" = ? LIMIT 1[0m  [["id", "lalalala"]]
Completed 404 Not Found in 84.9ms

ActiveRecord::RecordNotFound (Couldn't find Movie with id=lalalala):
  app/controllers/movies_controller.rb:5:in `show'


  Rendered /Users/hfp/.rvm/gems/ruby-2.1.1/gems/actionpack-3.2.18/lib/action_dispatch/middleware/templates/rescues/_trace.erb (1.8ms)
  Rendered /Users/hfp/.rvm/gems/ruby-2.1.1/gems/actionpack-3.2.18/lib/action_dispatch/middleware/templates/rescues/_request_and_response.erb (4.5ms)
  Rendered /Users/hfp/.rvm/gems/ruby-2.1.1/gems/actionpack-3.2.18/lib/action_dispatch/middleware/templates/rescues/diagnostics.erb within rescues/layout (56.4ms)
Connecting to database specified by database.yml
Connecting to database specified by database.yml
Connecting to database specified by database.yml
Connecting to database specified by database.yml
  [1m[36m (0.2ms)[0m  [1mSELECT version FROM schema_migrations[0m
Connecting to database specified by database.yml
  [1m[36m (0.1ms)[0m  [1mSELECT "schema_migrations"."version" FROM "schema_migrations" [0m
  [1m[35m (0.3ms)[0m  select sqlite_version(*)
  [1m[36m (6.6ms)[0m  [1mCREATE TABLE "movies" ("id" INTEGER PRIMARY KEY AUTOINCREMENT NOT NULL, "title" varchar(255), "rating" varchar(255), "description" text, "release_date" datetime, "created_at" datetime, "updated_at" datetime, "director" varchar(255)) [0m
  [1m[35m (8.5ms)[0m  CREATE TABLE "schema_migrations" ("version" varchar(255) NOT NULL) 
  [1m[36m (22.1ms)[0m  [1mCREATE UNIQUE INDEX "unique_schema_migrations" ON "schema_migrations" ("version")[0m
  [1m[35m (0.1ms)[0m  SELECT version FROM "schema_migrations"
  [1m[36m (22.6ms)[0m  [1mINSERT INTO "schema_migrations" (version) VALUES ('20140608234258')[0m
  [1m[35m (21.9ms)[0m  INSERT INTO "schema_migrations" (version) VALUES ('20111119180638')
Connecting to database specified by database.yml
  [1m[36m (0.1ms)[0m  [1mSELECT "schema_migrations"."version" FROM "schema_migrations" [0m
  [1m[35m (0.3ms)[0m  select sqlite_version(*)
  [1m[36m (2.8ms)[0m  [1mCREATE TABLE "movies" ("id" INTEGER PRIMARY KEY AUTOINCREMENT NOT NULL, "title" varchar(255), "rating" varchar(255), "description" text, "release_date" datetime, "created_at" datetime, "updated_at" datetime, "director" varchar(255)) [0m
  [1m[35m (15.7ms)[0m  CREATE TABLE "schema_migrations" ("version" varchar(255) NOT NULL) 
  [1m[36m (21.8ms)[0m  [1mCREATE UNIQUE INDEX "unique_schema_migrations" ON "schema_migrations" ("version")[0m
  [1m[35m (0.1ms)[0m  SELECT version FROM "schema_migrations"
  [1m[36m (22.7ms)[0m  [1mINSERT INTO "schema_migrations" (version) VALUES ('20140608234258')[0m
  [1m[35m (17.1ms)[0m  INSERT INTO "schema_migrations" (version) VALUES ('20111119180638')
Connecting to database specified by database.yml
  [1m[36m (0.1ms)[0m  [1mSELECT "schema_migrations"."version" FROM "schema_migrations" [0m
  [1m[35m (0.3ms)[0m  select sqlite_version(*)
  [1m[36m (1.4ms)[0m  [1mCREATE TABLE "movies" ("id" INTEGER PRIMARY KEY AUTOINCREMENT NOT NULL, "title" varchar(255), "rating" varchar(255), "description" text, "release_date" datetime, "created_at" datetime, "updated_at" datetime, "director" varchar(255)) [0m
  [1m[35m (0.9ms)[0m  CREATE TABLE "schema_migrations" ("version" varchar(255) NOT NULL) 
  [1m[36m (0.9ms)[0m  [1mCREATE UNIQUE INDEX "unique_schema_migrations" ON "schema_migrations" ("version")[0m
  [1m[35m (0.1ms)[0m  SELECT version FROM "schema_migrations"
  [1m[36m (1.0ms)[0m  [1mINSERT INTO "schema_migrations" (version) VALUES ('20140608234258')[0m
  [1m[35m (1.1ms)[0m  INSERT INTO "schema_migrations" (version) VALUES ('20111119180638')
Connecting to database specified by database.yml
  [1m[36m (0.1ms)[0m  [1mSELECT "schema_migrations"."version" FROM "schema_migrations" [0m
  [1m[35m (0.4ms)[0m  select sqlite_version(*)
  [1m[36m (1.3ms)[0m  [1mCREATE TABLE "movies" ("id" INTEGER PRIMARY KEY AUTOINCREMENT NOT NULL, "title" varchar(255), "rating" varchar(255), "description" text, "release_date" datetime, "created_at" datetime, "updated_at" datetime, "director" varchar(255)) [0m
  [1m[35m (1.1ms)[0m  CREATE TABLE "schema_migrations" ("version" varchar(255) NOT NULL) 
  [1m[36m (0.9ms)[0m  [1mCREATE UNIQUE INDEX "unique_schema_migrations" ON "schema_migrations" ("version")[0m
  [1m[35m (0.1ms)[0m  SELECT version FROM "schema_migrations"
  [1m[36m (1.1ms)[0m  [1mINSERT INTO "schema_migrations" (version) VALUES ('20140608234258')[0m
  [1m[35m (1.2ms)[0m  INSERT INTO "schema_migrations" (version) VALUES ('20111119180638')
Connecting to database specified by database.yml
Connecting to database specified by database.yml
  [1m[36m (0.1ms)[0m  [1mSELECT "schema_migrations"."version" FROM "schema_migrations" [0m
  [1m[35m (0.3ms)[0m  select sqlite_version(*)
  [1m[36m (16.4ms)[0m  [1mCREATE TABLE "movies" ("id" INTEGER PRIMARY KEY AUTOINCREMENT NOT NULL, "title" varchar(255), "rating" varchar(255), "description" text, "release_date" datetime, "created_at" datetime, "updated_at" datetime, "director" varchar(255)) [0m
  [1m[35m (22.5ms)[0m  CREATE TABLE "schema_migrations" ("version" varchar(255) NOT NULL) 
  [1m[36m (23.0ms)[0m  [1mCREATE UNIQUE INDEX "unique_schema_migrations" ON "schema_migrations" ("version")[0m
  [1m[35m (0.1ms)[0m  SELECT version FROM "schema_migrations"
  [1m[36m (13.6ms)[0m  [1mINSERT INTO "schema_migrations" (version) VALUES ('20140608234258')[0m
  [1m[35m (22.6ms)[0m  INSERT INTO "schema_migrations" (version) VALUES ('20111119180638')
Connecting to database specified by database.yml
  [1m[36m (3.5ms)[0m  [1mSELECT "schema_migrations"."version" FROM "schema_migrations" [0m
  [1m[35m (0.4ms)[0m  select sqlite_version(*)
  [1m[36m (1.7ms)[0m  [1mCREATE TABLE "movies" ("id" INTEGER PRIMARY KEY AUTOINCREMENT NOT NULL, "title" varchar(255), "rating" varchar(255), "description" text, "release_date" datetime, "created_at" datetime, "updated_at" datetime, "director" varchar(255)) [0m
  [1m[35m (19.2ms)[0m  CREATE TABLE "schema_migrations" ("version" varchar(255) NOT NULL) 
  [1m[36m (27.8ms)[0m  [1mCREATE UNIQUE INDEX "unique_schema_migrations" ON "schema_migrations" ("version")[0m
  [1m[35m (0.1ms)[0m  SELECT version FROM "schema_migrations"
  [1m[36m (18.0ms)[0m  [1mINSERT INTO "schema_migrations" (version) VALUES ('20140608234258')[0m
  [1m[35m (23.4ms)[0m  INSERT INTO "schema_migrations" (version) VALUES ('20111119180638')
Connecting to database specified by database.yml
  [1m[36m (4.1ms)[0m  [1mSELECT "schema_migrations"."version" FROM "schema_migrations" [0m
  [1m[35m (0.4ms)[0m  select sqlite_version(*)
  [1m[36m (2.3ms)[0m  [1mCREATE TABLE "movies" ("id" INTEGER PRIMARY KEY AUTOINCREMENT NOT NULL, "title" varchar(255), "rating" varchar(255), "description" text, "release_date" datetime, "created_at" datetime, "updated_at" datetime, "director" varchar(255)) [0m
  [1m[35m (22.9ms)[0m  CREATE TABLE "schema_migrations" ("version" varchar(255) NOT NULL) 
  [1m[36m (22.7ms)[0m  [1mCREATE UNIQUE INDEX "unique_schema_migrations" ON "schema_migrations" ("version")[0m
  [1m[35m (0.1ms)[0m  SELECT version FROM "schema_migrations"
  [1m[36m (23.2ms)[0m  [1mINSERT INTO "schema_migrations" (version) VALUES ('20140608234258')[0m
  [1m[35m (8.5ms)[0m  INSERT INTO "schema_migrations" (version) VALUES ('20111119180638')
Connecting to database specified by database.yml
  [1m[36m (2.8ms)[0m  [1mSELECT "schema_migrations"."version" FROM "schema_migrations" [0m
  [1m[35m (4.2ms)[0m  select sqlite_version(*)
  [1m[36m (1.6ms)[0m  [1mCREATE TABLE "movies" ("id" INTEGER PRIMARY KEY AUTOINCREMENT NOT NULL, "title" varchar(255), "rating" varchar(255), "description" text, "release_date" datetime, "created_at" datetime, "updated_at" datetime, "director" varchar(255)) [0m
  [1m[35m (16.4ms)[0m  CREATE TABLE "schema_migrations" ("version" varchar(255) NOT NULL) 
  [1m[36m (21.4ms)[0m  [1mCREATE UNIQUE INDEX "unique_schema_migrations" ON "schema_migrations" ("version")[0m
  [1m[35m (0.1ms)[0m  SELECT version FROM "schema_migrations"
  [1m[36m (24.3ms)[0m  [1mINSERT INTO "schema_migrations" (version) VALUES ('20140608234258')[0m
  [1m[35m (22.0ms)[0m  INSERT INTO "schema_migrations" (version) VALUES ('20111119180638')


Started GET "/movies" for 127.0.0.1 at 2014-06-10 22:59:08 -0400
Connecting to database specified by database.yml
Processing by MoviesController#index as HTML
  [1m[36mMovie Load (3.6ms)[0m  [1mSELECT "movies".* FROM "movies" WHERE "movies"."rating" IN ('G', 'PG', 'PG-13', 'NC-17', 'R')[0m
  Rendered movies/index.html.haml within layouts/application (20.9ms)
Compiled jquery.js  (3ms)  (pid 70301)
Compiled jquery_ujs.js  (1ms)  (pid 70301)
Compiled application.js  (172ms)  (pid 70301)
Completed 200 OK in 598.4ms (Views: 424.4ms | ActiveRecord: 15.5ms)


Started GET "/" for 127.0.0.1 at 2014-06-10 22:59:12 -0400

ActionController::RoutingError (No route matches [GET] "/"):
  actionpack (3.2.18) lib/action_dispatch/middleware/debug_exceptions.rb:21:in `call'
  actionpack (3.2.18) lib/action_dispatch/middleware/show_exceptions.rb:56:in `call'
  railties (3.2.18) lib/rails/rack/logger.rb:32:in `call_app'
  railties (3.2.18) lib/rails/rack/logger.rb:16:in `block in call'
  activesupport (3.2.18) lib/active_support/tagged_logging.rb:22:in `tagged'
  railties (3.2.18) lib/rails/rack/logger.rb:16:in `call'
  actionpack (3.2.18) lib/action_dispatch/middleware/request_id.rb:22:in `call'
  rack (1.4.5) lib/rack/methodoverride.rb:21:in `call'
  rack (1.4.5) lib/rack/runtime.rb:17:in `call'
  activesupport (3.2.18) lib/active_support/cache/strategy/local_cache.rb:72:in `call'
  rack (1.4.5) lib/rack/lock.rb:15:in `call'
  actionpack (3.2.18) lib/action_dispatch/middleware/static.rb:63:in `call'
  railties (3.2.18) lib/rails/engine.rb:484:in `call'
  railties (3.2.18) lib/rails/application.rb:231:in `call'
  rack (1.4.5) lib/rack/content_length.rb:14:in `call'
  railties (3.2.18) lib/rails/rack/log_tailer.rb:17:in `call'
  rack (1.4.5) lib/rack/handler/webrick.rb:59:in `service'
  /Users/hfp/.rvm/rubies/ruby-1.9.3-p545/lib/ruby/1.9.1/webrick/httpserver.rb:138:in `service'
  /Users/hfp/.rvm/rubies/ruby-1.9.3-p545/lib/ruby/1.9.1/webrick/httpserver.rb:94:in `run'
  /Users/hfp/.rvm/rubies/ruby-1.9.3-p545/lib/ruby/1.9.1/webrick/server.rb:191:in `block in start_thread'


  Rendered /Users/hfp/.rvm/gems/ruby-1.9.3-p545/gems/actionpack-3.2.18/lib/action_dispatch/middleware/templates/rescues/routing_error.erb within rescues/layout (0.8ms)


Started GET "/assets/application.css?body=1" for 127.0.0.1 at 2014-06-10 22:59:12 -0400
Served asset /application.css - 200 OK (2ms)


Started GET "/assets/jquery.js?body=1" for 127.0.0.1 at 2014-06-10 22:59:12 -0400
Served asset /jquery.js - 200 OK (3ms)


Started GET "/assets/jquery_ujs.js?body=1" for 127.0.0.1 at 2014-06-10 22:59:12 -0400
Served asset /jquery_ujs.js - 200 OK (2ms)


Started GET "/assets/application.js?body=1" for 127.0.0.1 at 2014-06-10 22:59:12 -0400
Served asset /application.js - 200 OK (7ms)


Started GET "/movies/1" for 127.0.0.1 at 2014-06-10 22:59:16 -0400
Processing by MoviesController#show as HTML
  Parameters: {"id"=>"1"}
  [1m[35mMovie Load (0.4ms)[0m  SELECT "movies".* FROM "movies" WHERE "movies"."id" = ? LIMIT 1  [["id", "1"]]
  Rendered movies/show.html.haml within layouts/application (7.9ms)
Completed 200 OK in 25.6ms (Views: 22.3ms | ActiveRecord: 0.4ms)


Started GET "/movies/1/similar" for 127.0.0.1 at 2014-06-10 22:59:47 -0400
Processing by MoviesController#similar as HTML
  Parameters: {"id"=>"1"}
  [1m[36mMovie Load (0.2ms)[0m  [1mSELECT "movies".* FROM "movies" WHERE "movies"."id" = ? LIMIT 1[0m  [["id", "1"]]
  [1m[35mMovie Load (0.3ms)[0m  SELECT "movies".* FROM "movies" WHERE "movies"."director" IS NULL
  Rendered movies/similar.html.haml within layouts/application (21.4ms)
Completed 500 Internal Server Error in 174.8ms

ActionView::Template::Error (undefined method `each' for nil:NilClass):
    9:       %th{:class => @date_header}= link_to 'Release Date', movies_path(:sort => 'release_date', :ratings => @selected_ratings), :id => 'release_date_header'
    10:       %th More Info
    11:   %tbody
    12:     - @movies.each do |movie|
    13:       %tr
    14:         %td= movie.title
    15:         %td= movie.director 
  app/views/movies/similar.html.haml:12:in `_app_views_movies_similar_html_haml__362719889009778129_70139447972620'


  Rendered /Users/hfp/.rvm/gems/ruby-1.9.3-p545/gems/actionpack-3.2.18/lib/action_dispatch/middleware/templates/rescues/_trace.erb (1.5ms)
  Rendered /Users/hfp/.rvm/gems/ruby-1.9.3-p545/gems/actionpack-3.2.18/lib/action_dispatch/middleware/templates/rescues/_request_and_response.erb (4.2ms)
  Rendered /Users/hfp/.rvm/gems/ruby-1.9.3-p545/gems/actionpack-3.2.18/lib/action_dispatch/middleware/templates/rescues/template_error.erb within rescues/layout (50.4ms)


Started GET "/movies" for 127.0.0.1 at 2014-06-10 23:02:18 -0400
Processing by MoviesController#index as HTML
Redirected to http://localhost:3000/movies?ratings%5BG%5D=1&ratings%5BNC-17%5D=1&ratings%5BPG%5D=1&ratings%5BPG-13%5D=1&ratings%5BR%5D=1&sort=title
Completed 302 Found in 2.6ms (ActiveRecord: 0.0ms)


Started GET "/movies?ratings%5BG%5D=1&ratings%5BNC-17%5D=1&ratings%5BPG%5D=1&ratings%5BPG-13%5D=1&ratings%5BR%5D=1&sort=title" for 127.0.0.1 at 2014-06-10 23:02:18 -0400
Processing by MoviesController#index as HTML
  Parameters: {"ratings"=>{"G"=>"1", "NC-17"=>"1", "PG"=>"1", "PG-13"=>"1", "R"=>"1"}, "sort"=>"title"}
  [1m[36mMovie Load (4.6ms)[0m  [1mSELECT "movies".* FROM "movies" WHERE "movies"."rating" IN ('G', 'NC-17', 'PG', 'PG-13', 'R') ORDER BY title[0m
  Rendered movies/index.html.haml within layouts/application (12.6ms)
Completed 200 OK in 52.3ms (Views: 25.0ms | ActiveRecord: 5.1ms)


Started GET "/assets/jquery.js?body=1" for 127.0.0.1 at 2014-06-10 23:02:19 -0400
Served asset /jquery.js - 304 Not Modified (0ms)


Started GET "/assets/application.css?body=1" for 127.0.0.1 at 2014-06-10 23:02:19 -0400
Served asset /application.css - 304 Not Modified (0ms)


Started GET "/assets/jquery_ujs.js?body=1" for 127.0.0.1 at 2014-06-10 23:02:19 -0400
Served asset /jquery_ujs.js - 304 Not Modified (0ms)


Started GET "/assets/application.js?body=1" for 127.0.0.1 at 2014-06-10 23:02:19 -0400
Served asset /application.js - 304 Not Modified (0ms)


Started GET "/movies/7" for 127.0.0.1 at 2014-06-10 23:02:21 -0400
Processing by MoviesController#show as HTML
  Parameters: {"id"=>"7"}
  [1m[35mMovie Load (0.4ms)[0m  SELECT "movies".* FROM "movies" WHERE "movies"."id" = ? LIMIT 1  [["id", "7"]]
  Rendered movies/show.html.haml within layouts/application (1.8ms)
Completed 200 OK in 9.5ms (Views: 7.4ms | ActiveRecord: 0.4ms)


Started GET "/assets/application.css?body=1" for 127.0.0.1 at 2014-06-10 23:02:21 -0400
Served asset /application.css - 304 Not Modified (0ms)


Started GET "/assets/jquery.js?body=1" for 127.0.0.1 at 2014-06-10 23:02:21 -0400
Served asset /jquery.js - 304 Not Modified (0ms)


Started GET "/assets/jquery_ujs.js?body=1" for 127.0.0.1 at 2014-06-10 23:02:21 -0400
Served asset /jquery_ujs.js - 304 Not Modified (0ms)


Started GET "/assets/application.js?body=1" for 127.0.0.1 at 2014-06-10 23:02:21 -0400
Served asset /application.js - 304 Not Modified (0ms)


Started GET "/movies/7/similar" for 127.0.0.1 at 2014-06-10 23:02:55 -0400
Processing by MoviesController#similar as HTML
  Parameters: {"id"=>"7"}
  [1m[36mMovie Load (0.3ms)[0m  [1mSELECT "movies".* FROM "movies" WHERE "movies"."id" = ? LIMIT 1[0m  [["id", "7"]]
  [1m[35mMovie Load (0.2ms)[0m  SELECT "movies".* FROM "movies" WHERE "movies"."director" = 'test'
  Rendered movies/similar.html.haml within layouts/application (1.8ms)
Completed 500 Internal Server Error in 217.6ms

ActionView::Template::Error (undefined method `each' for nil:NilClass):
    9:       %th{:class => @date_header}= link_to 'Release Date', movies_path(:sort => 'release_date', :ratings => @selected_ratings), :id => 'release_date_header'
    10:       %th More Info
    11:   %tbody
    12:     - @movies.each do |movie|
    13:       %tr
    14:         %td= movie.title
    15:         %td= movie.director 
  app/views/movies/similar.html.haml:12:in `_app_views_movies_similar_html_haml__362719889009778129_70139447972620'


  Rendered /Users/hfp/.rvm/gems/ruby-1.9.3-p545/gems/actionpack-3.2.18/lib/action_dispatch/middleware/templates/rescues/_trace.erb (1.5ms)
  Rendered /Users/hfp/.rvm/gems/ruby-1.9.3-p545/gems/actionpack-3.2.18/lib/action_dispatch/middleware/templates/rescues/_request_and_response.erb (1.6ms)
  Rendered /Users/hfp/.rvm/gems/ruby-1.9.3-p545/gems/actionpack-3.2.18/lib/action_dispatch/middleware/templates/rescues/template_error.erb within rescues/layout (13.3ms)
Connecting to database specified by database.yml
  [1m[36m (34.3ms)[0m  [1mSELECT "schema_migrations"."version" FROM "schema_migrations" [0m
  [1m[35m (0.4ms)[0m  select sqlite_version(*)
  [1m[36m (10.2ms)[0m  [1mCREATE TABLE "movies" ("id" INTEGER PRIMARY KEY AUTOINCREMENT NOT NULL, "title" varchar(255), "rating" varchar(255), "description" text, "release_date" datetime, "created_at" datetime, "updated_at" datetime, "director" varchar(255)) [0m
  [1m[35m (23.0ms)[0m  CREATE TABLE "schema_migrations" ("version" varchar(255) NOT NULL) 
  [1m[36m (26.2ms)[0m  [1mCREATE UNIQUE INDEX "unique_schema_migrations" ON "schema_migrations" ("version")[0m
  [1m[35m (0.1ms)[0m  SELECT version FROM "schema_migrations"
  [1m[36m (12.3ms)[0m  [1mINSERT INTO "schema_migrations" (version) VALUES ('20140608234258')[0m
  [1m[35m (22.4ms)[0m  INSERT INTO "schema_migrations" (version) VALUES ('20111119180638')
Connecting to database specified by database.yml
  [1m[36m (9.6ms)[0m  [1mSELECT "schema_migrations"."version" FROM "schema_migrations" [0m
  [1m[35m (0.4ms)[0m  select sqlite_version(*)
  [1m[36m (2.6ms)[0m  [1mCREATE TABLE "movies" ("id" INTEGER PRIMARY KEY AUTOINCREMENT NOT NULL, "title" varchar(255), "rating" varchar(255), "description" text, "release_date" datetime, "created_at" datetime, "updated_at" datetime, "director" varchar(255)) [0m
  [1m[35m (16.0ms)[0m  CREATE TABLE "schema_migrations" ("version" varchar(255) NOT NULL) 
  [1m[36m (23.4ms)[0m  [1mCREATE UNIQUE INDEX "unique_schema_migrations" ON "schema_migrations" ("version")[0m
  [1m[35m (0.1ms)[0m  SELECT version FROM "schema_migrations"
  [1m[36m (13.8ms)[0m  [1mINSERT INTO "schema_migrations" (version) VALUES ('20140608234258')[0m
  [1m[35m (23.3ms)[0m  INSERT INTO "schema_migrations" (version) VALUES ('20111119180638')
Connecting to database specified by database.yml
  [1m[36m (4.1ms)[0m  [1mSELECT "schema_migrations"."version" FROM "schema_migrations" [0m
  [1m[35m (0.4ms)[0m  select sqlite_version(*)
  [1m[36m (30.6ms)[0m  [1mCREATE TABLE "movies" ("id" INTEGER PRIMARY KEY AUTOINCREMENT NOT NULL, "title" varchar(255), "rating" varchar(255), "description" text, "release_date" datetime, "created_at" datetime, "updated_at" datetime, "director" varchar(255)) [0m
  [1m[35m (11.0ms)[0m  CREATE TABLE "schema_migrations" ("version" varchar(255) NOT NULL) 
  [1m[36m (26.1ms)[0m  [1mCREATE UNIQUE INDEX "unique_schema_migrations" ON "schema_migrations" ("version")[0m
  [1m[35m (0.1ms)[0m  SELECT version FROM "schema_migrations"
  [1m[36m (21.2ms)[0m  [1mINSERT INTO "schema_migrations" (version) VALUES ('20140608234258')[0m
  [1m[35m (22.5ms)[0m  INSERT INTO "schema_migrations" (version) VALUES ('20111119180638')
Connecting to database specified by database.yml
  [1m[36m (2.4ms)[0m  [1mSELECT "schema_migrations"."version" FROM "schema_migrations" [0m
  [1m[35m (1.2ms)[0m  select sqlite_version(*)
  [1m[36m (4.0ms)[0m  [1mCREATE TABLE "movies" ("id" INTEGER PRIMARY KEY AUTOINCREMENT NOT NULL, "title" varchar(255), "rating" varchar(255), "description" text, "release_date" datetime, "created_at" datetime, "updated_at" datetime, "director" varchar(255)) [0m
  [1m[35m (22.3ms)[0m  CREATE TABLE "schema_migrations" ("version" varchar(255) NOT NULL) 
  [1m[36m (7.9ms)[0m  [1mCREATE UNIQUE INDEX "unique_schema_migrations" ON "schema_migrations" ("version")[0m
  [1m[35m (0.1ms)[0m  SELECT version FROM "schema_migrations"
  [1m[36m (21.5ms)[0m  [1mINSERT INTO "schema_migrations" (version) VALUES ('20140608234258')[0m
  [1m[35m (46.6ms)[0m  INSERT INTO "schema_migrations" (version) VALUES ('20111119180638')
